Replace Part C15 Capacitor in C:\Users\yuriy\Documents\AtltiumProjects\BuddyBotPower\MotorController\MotorControl.SchDoc with Capacitor from Celestial Altium Library - altium_library.DbLib
Replace Part C16 Capacitor in C:\Users\yuriy\Documents\AtltiumProjects\BuddyBotPower\MotorController\MotorControl.SchDoc with Capacitor from Celestial Altium Library - altium_library.DbLib
Replace Part C17 Capacitor in C:\Users\yuriy\Documents\AtltiumProjects\BuddyBotPower\MotorController\MotorControl.SchDoc with Capacitor from Celestial Altium Library - altium_library.DbLib
Replace Part C18 Capacitor in C:\Users\yuriy\Documents\AtltiumProjects\BuddyBotPower\MotorController\MotorControl.SchDoc with Capacitor from Celestial Altium Library - altium_library.DbLib
Replace Part C19 Capacitor in C:\Users\yuriy\Documents\AtltiumProjects\BuddyBotPower\MotorController\MotorControl.SchDoc with Capacitor from Celestial Altium Library - altium_library.DbLib
Replace Part C20 Capacitor in C:\Users\yuriy\Documents\AtltiumProjects\BuddyBotPower\MotorController\MotorControl.SchDoc with Capacitor from Celestial Altium Library - altium_library.DbLib
Replace Part CR1 LMV321ILT in C:\Users\yuriy\Documents\AtltiumProjects\BuddyBotPower\MotorController\MotorControl.SchDoc with LMV321ILT from LMV321ILT.IntLib
Replace Part CR2 LMV321ILT in C:\Users\yuriy\Documents\AtltiumProjects\BuddyBotPower\MotorController\MotorControl.SchDoc with LMV321ILT from LMV321ILT.IntLib
Replace Part CR3 L298N in C:\Users\yuriy\Documents\AtltiumProjects\BuddyBotPower\MotorController\MotorControl.SchDoc with L298N from L298N.IntLib
Replace Part D1 Diode in C:\Users\yuriy\Documents\AtltiumProjects\BuddyBotPower\MotorController\MotorControl.SchDoc with Diode from Celestial Altium Library - altium_library.DbLib
Replace Part D2 Diode in C:\Users\yuriy\Documents\AtltiumProjects\BuddyBotPower\MotorController\MotorControl.SchDoc with Diode from Celestial Altium Library - altium_library.DbLib
Replace Part D3 Diode in C:\Users\yuriy\Documents\AtltiumProjects\BuddyBotPower\MotorController\MotorControl.SchDoc with Diode from Celestial Altium Library - altium_library.DbLib
Replace Part D4 Diode in C:\Users\yuriy\Documents\AtltiumProjects\BuddyBotPower\MotorController\MotorControl.SchDoc with Diode from Celestial Altium Library - altium_library.DbLib
Replace Part D5 Diode in C:\Users\yuriy\Documents\AtltiumProjects\BuddyBotPower\MotorController\MotorControl.SchDoc with Diode from Celestial Altium Library - altium_library.DbLib
Replace Part D6 Diode in C:\Users\yuriy\Documents\AtltiumProjects\BuddyBotPower\MotorController\MotorControl.SchDoc with Diode from Celestial Altium Library - altium_library.DbLib
Replace Part D7 Diode in C:\Users\yuriy\Documents\AtltiumProjects\BuddyBotPower\MotorController\MotorControl.SchDoc with Diode from Celestial Altium Library - altium_library.DbLib
Replace Part D8 Diode in C:\Users\yuriy\Documents\AtltiumProjects\BuddyBotPower\MotorController\MotorControl.SchDoc with Diode from Celestial Altium Library - altium_library.DbLib
Replace Part J7 6 Pin in C:\Users\yuriy\Documents\AtltiumProjects\BuddyBotPower\MotorController\MotorControl.SchDoc with 6 Pin from Celestial Altium Library - altium_library.DbLib
Replace Part J8 6 Pin in C:\Users\yuriy\Documents\AtltiumProjects\BuddyBotPower\MotorController\MotorControl.SchDoc with 6 Pin from Celestial Altium Library - altium_library.DbLib
Replace Part R10 Resistor in C:\Users\yuriy\Documents\AtltiumProjects\BuddyBotPower\MotorController\MotorControl.SchDoc with Resistor from Celestial Altium Library - altium_library.DbLib
Replace Part R11 Resistor in C:\Users\yuriy\Documents\AtltiumProjects\BuddyBotPower\MotorController\MotorControl.SchDoc with Resistor from Celestial Altium Library - altium_library.DbLib
Replace Part R12 Resistor in C:\Users\yuriy\Documents\AtltiumProjects\BuddyBotPower\MotorController\MotorControl.SchDoc with Resistor from Celestial Altium Library - altium_library.DbLib
Replace Part R13 Resistor in C:\Users\yuriy\Documents\AtltiumProjects\BuddyBotPower\MotorController\MotorControl.SchDoc with Resistor from Celestial Altium Library - altium_library.DbLib
Replace Part R14 Resistor in C:\Users\yuriy\Documents\AtltiumProjects\BuddyBotPower\MotorController\MotorControl.SchDoc with Resistor from Celestial Altium Library - altium_library.DbLib
Replace Part R15 Resistor in C:\Users\yuriy\Documents\AtltiumProjects\BuddyBotPower\MotorController\MotorControl.SchDoc with Resistor from Celestial Altium Library - altium_library.DbLib
Replace Part R16 Resistor in C:\Users\yuriy\Documents\AtltiumProjects\BuddyBotPower\MotorController\MotorControl.SchDoc with Resistor from Celestial Altium Library - altium_library.DbLib
Replace Part R17 Resistor in C:\Users\yuriy\Documents\AtltiumProjects\BuddyBotPower\MotorController\MotorControl.SchDoc with Resistor from Celestial Altium Library - altium_library.DbLib
