Added Component: Designator=U3(RHL0020A)
Add component (AddParameter): Name = "Alternate_PartNumber"; Value = "TPS61088RHLT"; VariantName = "[No Variations]"
Add component (AddParameter): Name = "Application_BuildNumber"; Value = ""; VariantName = "[No Variations]"
Add component (AddParameter): Name = "CompType"; Value = "IC"; VariantName = "[No Variations]"
Add component (AddParameter): Name = "Copyright"; Value = "Copyright (C) 2018 Accelerated Designs. All rights reserved"; VariantName = "[No Variations]"
Add component (AddParameter): Name = "Manufacturer"; Value = "Texas Instruments"; VariantName = "[No Variations]"
Add component (AddParameter): Name = "MountType"; Value = "SMT"; VariantName = "[No Variations]"
Add component (AddParameter): Name = "PackageReference"; Value = "RHL0020A"; VariantName = "[No Variations]"
Add component (AddParameter): Name = "PartNumber"; Value = "TPS61088RHLR"; VariantName = "[No Variations]"
Add component (AddParameter): Name = "PIN_COUNT"; Value = "21"; VariantName = "[No Variations]"
Add component (AddParameter): Name = "RefDes"; Value = "RefDes"; VariantName = "[No Variations]"
Add component (AddParameter): Name = "RoHS"; Value = "Y"; VariantName = "[No Variations]"
Add component (AddParameter): Name = "Type"; Value = "DEV"; VariantName = "[No Variations]"
Add component (AddParameter): Name = "Value"; Value = "Value"; VariantName = "[No Variations]"
Added Pin To Net: NetName=NetC10_2 Pin=U3-1
Added Pin To Net: NetName=NetC10_2 Pin=U3-2
Added Pin To Net: NetName=NetR5_1 Pin=U3-3
Added Pin To Net: NetName=NetC7_2 Pin=U3-4
Added Pin To Net: NetName=NetC7_2 Pin=U3-5
Added Pin To Net: NetName=NetC7_2 Pin=U3-6
Added Pin To Net: NetName=NetC7_2 Pin=U3-7
Added Pin To Net: NetName=NetC7_1 Pin=U3-8
Added Pin To Net: NetName=+7.4v Pin=U3-9
Added Pin To Net: NetName=NetC11_2 Pin=U3-10
Added Pin To Net: NetName=GND Pin=U3-11
Added Pin To Net: NetName=GND Pin=U3-12
Added Pin To Net: NetName=+12v Pin=U3-14
Added Pin To Net: NetName=+12v Pin=U3-15
Added Pin To Net: NetName=+12v Pin=U3-16
Added Pin To Net: NetName=NetR7_1 Pin=U3-17
Added Pin To Net: NetName=NetC8_2 Pin=U3-18
Added Pin To Net: NetName=NetR8_2 Pin=U3-19
Added Pin To Net: NetName=GND Pin=U3-20
Added Pin To Net: NetName=GND Pin=U3-21
Added Member To Class: ClassName=Power_12v Member=Component U3 TPS61088RHLR
