Change Component Designator: OldDesignator=C? NewDesignator=C1
Change Component Designator: OldDesignator=C? NewDesignator=C2
Change Component Designator: OldDesignator=C? NewDesignator=C3
Change Component Designator: OldDesignator=C? NewDesignator=C4
Change Component Designator: OldDesignator=C? NewDesignator=C5
Change Component Designator: OldDesignator=C? NewDesignator=C6
Change Component Designator: OldDesignator=C? NewDesignator=C7
Change Component Designator: OldDesignator=C? NewDesignator=C8
Change Component Designator: OldDesignator=J? NewDesignator=J1
Change Component Designator: OldDesignator=J? NewDesignator=J2
Change Component Designator: OldDesignator=R? NewDesignator=R1
Change Component Designator: OldDesignator=R? NewDesignator=R2
Change Component Designator: OldDesignator=R? NewDesignator=R3
Change Component Designator: OldDesignator=R? NewDesignator=R4
Change Component Designator: OldDesignator=R? NewDesignator=R5
Change Component Designator: OldDesignator=RT? NewDesignator=RT1
Change Component Designator: OldDesignator=U? NewDesignator=U1
Change Net Name : Old Net Name=NetC?_1 New Net Name=NetC3_1
Change Net Name : Old Net Name=NetC?_2 New Net Name=NetC3_2
Change Net Name : Old Net Name=NetR?_1 New Net Name=NetR1_1
Change Net Name : Old Net Name=NetR?_2 New Net Name=NetR4_2
Added Pin To Net: NetName=NetC4_2 Pin=C4-2
Added Pin To Net: NetName=NetC4_2 Pin=U1-1
Added Pin To Net: NetName=NetC4_2 Pin=U1-2
Added Net: Name=NetC4_2
Added Pin To Net: NetName=NetC5_2 Pin=C5-2
Added Pin To Net: NetName=NetC5_2 Pin=R2-2
Added Pin To Net: NetName=NetC5_2 Pin=U1-18
Added Net: Name=NetC5_2
Added Pin To Net: NetName=NetC7_2 Pin=C7-2
Added Pin To Net: NetName=NetC7_2 Pin=U1-10
Added Net: Name=NetC7_2
Added Pin To Net: NetName=NetC8_2 Pin=C8-2
Added Pin To Net: NetName=NetC8_2 Pin=R2-1
Added Net: Name=NetC8_2
Added Pin To Net: NetName=NetR3_1 Pin=R3-1
Added Pin To Net: NetName=NetR3_1 Pin=R5-1
Added Pin To Net: NetName=NetR3_1 Pin=U1-17
Added Net: Name=NetR3_1
